<html>
<head>
<title>TestNG:  Regerrision Test</title>
<link href="../testng.css" rel="stylesheet" type="text/css" />
<link href="../my-testng.css" rel="stylesheet" type="text/css" />

<style type="text/css">
.log { display: none;} 
.stack-trace { display: none;} 
</style>
<script type="text/javascript">
<!--
function flip(e) {
  current = e.style.display;
  if (current == 'block') {
    e.style.display = 'none';
    return 0;
  }
  else {
    e.style.display = 'block';
    return 1;
  }
}

function toggleBox(szDivId, elem, msg1, msg2)
{
  var res = -1;  if (document.getElementById) {
    res = flip(document.getElementById(szDivId));
  }
  else if (document.all) {
    // this is the way old msie versions work
    res = flip(document.all[szDivId]);
  }
  if(elem) {
    if(res == 0) elem.innerHTML = msg1; else elem.innerHTML = msg2;
  }

}

function toggleAllBoxes() {
  if (document.getElementsByTagName) {
    d = document.getElementsByTagName('div');
    for (i = 0; i < d.length; i++) {
      if (d[i].className == 'log') {
        flip(d[i]);
      }
    }
  }
}

// -->
</script>

</head>
<body>
<h2 align='center'>Regerrision Test</h2><table border='1' align="center">
<tr>
<td>Tests passed/Failed/Skipped:</td><td>5/1/0</td>
</tr><tr>
<td>Started on:</td><td>Tue May 28 09:52:33 IST 2024</td>
</tr>
<tr><td>Total time:</td><td>350 seconds (350804 ms)</td>
</tr><tr>
<td>Included groups:</td><td></td>
</tr><tr>
<td>Excluded groups:</td><td></td>
</tr>
</table><p/>
<small><i>(Hover the method name to see the test class name)</i></small><p/>
<table width='100%' border='1' class='invocation-failed'>
<tr><td colspan='4' align='center'><b>FAILED TESTS</b></td></tr>
<tr><td><b>Test method</b></td>
<td width="30%"><b>Exception</b></td>
<td width="10%"><b>Time (seconds)</b></td>
<td><b>Instance</b></td>
</tr>
<tr>
<td title='com.absli.testCases.MasterPolicyMakerFunctionalityTest.createAMasterPolicyWithCustomerDefinedSA()'><b>createAMasterPolicyWithCustomerDefinedSA</b><br>Test class: com.absli.testCases.MasterPolicyMakerFunctionalityTest<br>Parameters: absli-101, 131211.0, NA, Mr, Absli123, 9.489466321E9, absli@gmail.com, 200, 300000, 01-Feb-2024, 1324, 10, GPS Benefit and Rider, xyz, Employer Employee, Scheme Level, 30, No, , , Regular Customer, Annual, South Zone, 17.0, 65.0, test, No, No, GPS Base Benefit, Customer Defined SA, 500000</td>
<td><div><pre>org.openqa.selenium.StaleElementReferenceException: stale element reference: stale element not found in the current frame
  (Session info: chrome=124.0.6367.63)
For documentation on this error, please visit: https://www.selenium.dev/documentation/webdriver/troubleshooting/errors#stale-element-reference-exception
Build info: version: &apos;4.19.1&apos;, revision: &apos;abe0ee07dc&apos;
System info: os.name: &apos;Windows 10&apos;, os.arch: &apos;amd64&apos;, os.version: &apos;10.0&apos;, java.version: &apos;17.0.10&apos;
Driver info: org.openqa.selenium.chrome.ChromeDriver
Command: [5a3ad4d6866805a6dbb986c8e08cfaba, sendKeysToElement {id=f.0DFF72468CD5E752374970C602461CCC.d.1B2D4DB29849C2D55A24AAEE3FB129DC.e.343, value=[Ljava.lang.CharSequence;@9accff0}]
Capabilities {acceptInsecureCerts: false, browserName: chrome, browserVersion: 124.0.6367.63, chrome: {chromedriverVersion: 124.0.6367.207 (a9001a6e39f..., userDataDir: C:\Users\GOKULN~1\AppData\L...}, fedcm:accounts: true, goog:chromeOptions: {debuggerAddress: localhost:60034}, networkConnectionEnabled: false, pageLoadStrategy: normal, platformName: windows, proxy: Proxy(), se:cdp: ws://localhost:60034/devtoo..., se:cdpVersion: 124.0.6367.63, setWindowRect: true, strictFileInteractability: false, timeouts: {implicit: 0, pageLoad: 300000, script: 30000}, unhandledPromptBehavior: dismiss and notify, webauthn:extension:credBlob: true, webauthn:extension:largeBlob: true, webauthn:extension:minPinLength: true, webauthn:extension:prf: true, webauthn:virtualAuthenticators: true}
Element: [[ChromeDriver: chrome on windows (5a3ad4d6866805a6dbb986c8e08cfaba)] -&gt; id: ContentPlaceHolder1_txtContactPersonFirstName]
Session ID: 5a3ad4d6866805a6dbb986c8e08cfaba
	at org.openqa.selenium.remote.ErrorCodec.decode(ErrorCodec.java:167)
	at org.openqa.selenium.remote.codec.w3c.W3CHttpResponseCodec.decode(W3CHttpResponseCodec.java:138)
	at org.openqa.selenium.remote.codec.w3c.W3CHttpResponseCodec.decode(W3CHttpResponseCodec.java:50)
	at org.openqa.selenium.remote.HttpCommandExecutor.execute(HttpCommandExecutor.java:190)
	at org.openqa.selenium.remote.service.DriverCommandExecutor.invokeExecute(DriverCommandExecutor.java:216)
	at org.openqa.selenium.remote.service.DriverCommandExecutor.execute(DriverCommandExecutor.java:174)
	at org.openqa.selenium.remote.RemoteWebDriver.execute(RemoteWebDriver.java:518)
	at org.openqa.selenium.remote.RemoteWebElement.execute(RemoteWebElement.java:223)
	at org.openqa.selenium.remote.RemoteWebElement.sendKeys(RemoteWebElement.java:110)
	at org.openqa.selenium.support.pagefactory.internal.LocatingElementHandler.invoke(LocatingElementHandler.java:51)
	at jdk.proxy2/jdk.proxy2.$Proxy31.sendKeys(Unknown Source)
	at com.absli.pages.MasterPolicyMakerPage.masterPolicyWithMandatoryFieldsAndCustomerDefinedSA(MasterPolicyMakerPage.java:261)
	at com.absli.testCases.MasterPolicyMakerFunctionalityTest.createAMasterPolicyWithCustomerDefinedSA(MasterPolicyMakerFunctionalityTest.java:49)
	at java.base/java.util.ArrayList.forEach(ArrayList.java:1511)
... Removed 36 stack frames</pre></div><a href='#' onClick='toggleBox("stack-trace44332439", this, "Click to show all stack frames", "Click to hide stack frames")'>Click to show all stack frames</a>
<div class='stack-trace' id='stack-trace44332439'><pre>org.openqa.selenium.StaleElementReferenceException: stale element reference: stale element not found in the current frame
  (Session info: chrome=124.0.6367.63)
For documentation on this error, please visit: https://www.selenium.dev/documentation/webdriver/troubleshooting/errors#stale-element-reference-exception
Build info: version: &apos;4.19.1&apos;, revision: &apos;abe0ee07dc&apos;
System info: os.name: &apos;Windows 10&apos;, os.arch: &apos;amd64&apos;, os.version: &apos;10.0&apos;, java.version: &apos;17.0.10&apos;
Driver info: org.openqa.selenium.chrome.ChromeDriver
Command: [5a3ad4d6866805a6dbb986c8e08cfaba, sendKeysToElement {id=f.0DFF72468CD5E752374970C602461CCC.d.1B2D4DB29849C2D55A24AAEE3FB129DC.e.343, value=[Ljava.lang.CharSequence;@9accff0}]
Capabilities {acceptInsecureCerts: false, browserName: chrome, browserVersion: 124.0.6367.63, chrome: {chromedriverVersion: 124.0.6367.207 (a9001a6e39f..., userDataDir: C:\Users\GOKULN~1\AppData\L...}, fedcm:accounts: true, goog:chromeOptions: {debuggerAddress: localhost:60034}, networkConnectionEnabled: false, pageLoadStrategy: normal, platformName: windows, proxy: Proxy(), se:cdp: ws://localhost:60034/devtoo..., se:cdpVersion: 124.0.6367.63, setWindowRect: true, strictFileInteractability: false, timeouts: {implicit: 0, pageLoad: 300000, script: 30000}, unhandledPromptBehavior: dismiss and notify, webauthn:extension:credBlob: true, webauthn:extension:largeBlob: true, webauthn:extension:minPinLength: true, webauthn:extension:prf: true, webauthn:virtualAuthenticators: true}
Element: [[ChromeDriver: chrome on windows (5a3ad4d6866805a6dbb986c8e08cfaba)] -&gt; id: ContentPlaceHolder1_txtContactPersonFirstName]
Session ID: 5a3ad4d6866805a6dbb986c8e08cfaba
	at java.base/jdk.internal.reflect.NativeConstructorAccessorImpl.newInstance0(Native Method)
	at java.base/jdk.internal.reflect.NativeConstructorAccessorImpl.newInstance(NativeConstructorAccessorImpl.java:77)
	at java.base/jdk.internal.reflect.DelegatingConstructorAccessorImpl.newInstance(DelegatingConstructorAccessorImpl.java:45)
	at java.base/java.lang.reflect.Constructor.newInstanceWithCaller(Constructor.java:499)
	at java.base/java.lang.reflect.Constructor.newInstance(Constructor.java:480)
	at org.openqa.selenium.remote.ErrorCodec.decode(ErrorCodec.java:167)
	at org.openqa.selenium.remote.codec.w3c.W3CHttpResponseCodec.decode(W3CHttpResponseCodec.java:138)
	at org.openqa.selenium.remote.codec.w3c.W3CHttpResponseCodec.decode(W3CHttpResponseCodec.java:50)
	at org.openqa.selenium.remote.HttpCommandExecutor.execute(HttpCommandExecutor.java:190)
	at org.openqa.selenium.remote.service.DriverCommandExecutor.invokeExecute(DriverCommandExecutor.java:216)
	at org.openqa.selenium.remote.service.DriverCommandExecutor.execute(DriverCommandExecutor.java:174)
	at org.openqa.selenium.remote.RemoteWebDriver.execute(RemoteWebDriver.java:518)
	at org.openqa.selenium.remote.RemoteWebElement.execute(RemoteWebElement.java:223)
	at org.openqa.selenium.remote.RemoteWebElement.sendKeys(RemoteWebElement.java:110)
	at java.base/jdk.internal.reflect.NativeMethodAccessorImpl.invoke0(Native Method)
	at java.base/jdk.internal.reflect.NativeMethodAccessorImpl.invoke(NativeMethodAccessorImpl.java:77)
	at java.base/jdk.internal.reflect.DelegatingMethodAccessorImpl.invoke(DelegatingMethodAccessorImpl.java:43)
	at java.base/java.lang.reflect.Method.invoke(Method.java:568)
	at org.openqa.selenium.support.pagefactory.internal.LocatingElementHandler.invoke(LocatingElementHandler.java:51)
	at jdk.proxy2/jdk.proxy2.$Proxy31.sendKeys(Unknown Source)
	at com.absli.pages.MasterPolicyMakerPage.masterPolicyWithMandatoryFieldsAndCustomerDefinedSA(MasterPolicyMakerPage.java:261)
	at com.absli.testCases.MasterPolicyMakerFunctionalityTest.createAMasterPolicyWithCustomerDefinedSA(MasterPolicyMakerFunctionalityTest.java:49)
	at java.base/jdk.internal.reflect.NativeMethodAccessorImpl.invoke0(Native Method)
	at java.base/jdk.internal.reflect.NativeMethodAccessorImpl.invoke(NativeMethodAccessorImpl.java:77)
	at java.base/jdk.internal.reflect.DelegatingMethodAccessorImpl.invoke(DelegatingMethodAccessorImpl.java:43)
	at java.base/java.lang.reflect.Method.invoke(Method.java:568)
	at org.testng.internal.MethodInvocationHelper.invokeMethod(MethodInvocationHelper.java:133)
	at org.testng.internal.TestInvoker.invokeMethod(TestInvoker.java:598)
	at org.testng.internal.TestInvoker.invokeTestMethod(TestInvoker.java:173)
	at org.testng.internal.MethodRunner.runInSequence(MethodRunner.java:46)
	at org.testng.internal.TestInvoker$MethodInvocationAgent.invoke(TestInvoker.java:824)
	at org.testng.internal.TestInvoker.invokeTestMethods(TestInvoker.java:146)
	at org.testng.internal.TestMethodWorker.invokeTestMethods(TestMethodWorker.java:146)
	at org.testng.internal.TestMethodWorker.run(TestMethodWorker.java:128)
	at java.base/java.util.ArrayList.forEach(ArrayList.java:1511)
	at org.testng.TestRunner.privateRun(TestRunner.java:794)
	at org.testng.TestRunner.run(TestRunner.java:596)
	at org.testng.SuiteRunner.runTest(SuiteRunner.java:377)
	at org.testng.SuiteRunner.runSequentially(SuiteRunner.java:371)
	at org.testng.SuiteRunner.privateRun(SuiteRunner.java:332)
	at org.testng.SuiteRunner.run(SuiteRunner.java:276)
	at org.testng.SuiteRunnerWorker.runSuite(SuiteRunnerWorker.java:53)
	at org.testng.SuiteRunnerWorker.run(SuiteRunnerWorker.java:96)
	at org.testng.TestNG.runSuitesSequentially(TestNG.java:1212)
	at org.testng.TestNG.runSuitesLocally(TestNG.java:1134)
	at org.testng.TestNG.runSuites(TestNG.java:1063)
	at org.testng.TestNG.run(TestNG.java:1031)
	at org.testng.remote.AbstractRemoteTestNG.run(AbstractRemoteTestNG.java:115)
	at org.testng.remote.RemoteTestNG.initAndRun(RemoteTestNG.java:251)
	at org.testng.remote.RemoteTestNG.main(RemoteTestNG.java:77)
</pre></div></td>
<td>23</td>
<td>com.absli.testCases.MasterPolicyMakerFunctionalityTest@47d9a273</td></tr>
</table><p>
<table width='100%' border='1' class='invocation-passed'>
<tr><td colspan='4' align='center'><b>PASSED TESTS</b></td></tr>
<tr><td><b>Test method</b></td>
<td width="30%"><b>Exception</b></td>
<td width="10%"><b>Time (seconds)</b></td>
<td><b>Instance</b></td>
</tr>
<tr>
<td title='com.absli.testCases.MasterPolicyMakerFunctionalityTest.createAMasterPolicyWithFlatSumAssured()'><b>createAMasterPolicyWithFlatSumAssured</b><br>Test class: com.absli.testCases.MasterPolicyMakerFunctionalityTest<br>Parameters: absli-101-GST, 132413.0, NA, Mr, Absli, 9.489466321E9, absli@gmail.com, 200, 300000, 01-Feb-2024, 1324, 10, GPS Benefit and Rider, xyz, Employer Employee, Scheme Level, 30, No, , , Regular Customer, Annual, South Zone, 17.0, 65.0, test, No, No, GPS Base Benefit, Flat Sum Assured, 1000000, 500000</td>
<td></td>
<td>47</td>
<td>com.absli.testCases.MasterPolicyMakerFunctionalityTest@47d9a273</td></tr>
<tr>
<td title='com.absli.testCases.MasterPolicyMakerFunctionalityTest.createAMasterPolicyWithMultipleOfSalary()'><b>createAMasterPolicyWithMultipleOfSalary</b><br>Test class: com.absli.testCases.MasterPolicyMakerFunctionalityTest<br>Parameters: grade-001, 132413.0, NA, Mr, Absli, 9.489466321E9, absli@gmail.com, 200, 300000, 01-Feb-2024, 1324, 10, GPS Benefit and Rider, xyz, Employer Employee, Scheme Level, 30, No, , , Regular Customer, Annual, South Zone, 17.0, 65.0, test, No, No, GPS Base Benefit, Multiple Of Salary, 5, 500000, 1000, 1000000</td>
<td></td>
<td>44</td>
<td>com.absli.testCases.MasterPolicyMakerFunctionalityTest@47d9a273</td></tr>
<tr>
<td title='com.absli.testCases.MasterPolicyMakerFunctionalityTest.createAMasterPolicyWithRider()'><b>createAMasterPolicyWithRider</b><br>Test class: com.absli.testCases.MasterPolicyMakerFunctionalityTest<br>Parameters: absli-101, 131211.0, NA, Mr, Absli123, 9.489466321E9, absli@gmail.com, 200, 300000, 01-Feb-2024, 1324, 10, GPS Benefit and Rider, xyz, Employer Employee, Scheme Level, 30, No, , , Regular Customer, Annual, South Zone, 17.0, 65.0, test, No, No, GPS Base Benefit, Customer Defined SA, 500000, GPS Rider - Accelerated Terminal Illness Rider, Rider, 25, 50000, 1000, 1000000</td>
<td></td>
<td>47</td>
<td>com.absli.testCases.MasterPolicyMakerFunctionalityTest@47d9a273</td></tr>
<tr>
<td title='com.absli.testCases.MasterPolicyMakerFunctionalityTest.createAMasterPolicyWithGradedCover()'><b>createAMasterPolicyWithGradedCover</b><br>Test class: com.absli.testCases.MasterPolicyMakerFunctionalityTest<br>Parameters: grade-001, 132411.0, NA, Mr, Absli, 9.489466321E9, absli@gmail.com, 200, 300000, 01-Feb-2024, 1324, 10, GPS Benefit and Rider, xyz, Employer Employee, Scheme Level, 30, No, , , Regular Customer, Annual, South Zone, 17.0, 65.0, test, No, No, GPS Base Benefit, Graded Cover, 3, Grade 1, 1000000, 5000000, 1000, 10000000, Grade 2, 2000000, 5000000, 1000, 10000000, Grade 3, 3000000, 5000000, 1000, 10000000</td>
<td></td>
<td>56</td>
<td>com.absli.testCases.MasterPolicyMakerFunctionalityTest@47d9a273</td></tr>
<tr>
<td title='com.absli.testCases.MasterPolicyMakerFunctionalityTest.createAMasterPolicyWithFutureServiceGratuityAmount()'><b>createAMasterPolicyWithFutureServiceGratuityAmount</b><br>Test class: com.absli.testCases.MasterPolicyMakerFunctionalityTest<br>Parameters: grade-001, 132411.0, NA, Mr, Absli, 9.489466321E9, absli@gmail.com, 200, 300000, 01-Feb-2024, 1324, 10, GPS Benefit and Rider, xyz, Employer Employee, Scheme Level, 30, No, , , Regular Customer, Annual, South Zone, 17.0, 65.0, test, No, No, GPS Base Benefit, Future Service Gratuity Amount, 60, 1000000, 5000000, 1000, 10000000</td>
<td></td>
<td>44</td>
<td>com.absli.testCases.MasterPolicyMakerFunctionalityTest@47d9a273</td></tr>
</table><p>
</body>
</html>