<?xml version="1.0" encoding="UTF-8"?>
<!-- Generated by org.testng.reporters.JUnitXMLReporter -->
<testsuite ignored="0" hostname="GRD-LTP-119" failures="1" tests="6" name="Regerrision Test" time="350.804" errors="0" timestamp="2024-05-28T09:58:24 IST">
  <testcase classname="com.absli.testCases.MasterPolicyMakerFunctionalityTest" name="createAMasterPolicyWithCustomerDefinedSA" time="23.045">
    <failure type="org.openqa.selenium.StaleElementReferenceException" message="stale element reference: stale element not found in the current frame
  (Session info: chrome=124.0.6367.63)
For documentation on this error, please visit: https://www.selenium.dev/documentation/webdriver/troubleshooting/errors#stale-element-reference-exception
Build info: version: &amp;apos;4.19.1&amp;apos;, revision: &amp;apos;abe0ee07dc&amp;apos;
System info: os.name: &amp;apos;Windows 10&amp;apos;, os.arch: &amp;apos;amd64&amp;apos;, os.version: &amp;apos;10.0&amp;apos;, java.version: &amp;apos;17.0.10&amp;apos;
Driver info: org.openqa.selenium.chrome.ChromeDriver
Command: [5a3ad4d6866805a6dbb986c8e08cfaba, sendKeysToElement {id=f.0DFF72468CD5E752374970C602461CCC.d.1B2D4DB29849C2D55A24AAEE3FB129DC.e.343, value=[Ljava.lang.CharSequence;@9accff0}]
Capabilities {acceptInsecureCerts: false, browserName: chrome, browserVersion: 124.0.6367.63, chrome: {chromedriverVersion: 124.0.6367.207 (a9001a6e39f..., userDataDir: C:\Users\GOKULN~1\AppData\L...}, fedcm:accounts: true, goog:chromeOptions: {debuggerAddress: localhost:60034}, networkConnectionEnabled: false, pageLoadStrategy: normal, platformName: windows, proxy: Proxy(), se:cdp: ws://localhost:60034/devtoo..., se:cdpVersion: 124.0.6367.63, setWindowRect: true, strictFileInteractability: false, timeouts: {implicit: 0, pageLoad: 300000, script: 30000}, unhandledPromptBehavior: dismiss and notify, webauthn:extension:credBlob: true, webauthn:extension:largeBlob: true, webauthn:extension:minPinLength: true, webauthn:extension:prf: true, webauthn:virtualAuthenticators: true}
Element: [[ChromeDriver: chrome on windows (5a3ad4d6866805a6dbb986c8e08cfaba)] -&amp;gt; id: ContentPlaceHolder1_txtContactPersonFirstName]
Session ID: 5a3ad4d6866805a6dbb986c8e08cfaba">
      <![CDATA[org.openqa.selenium.StaleElementReferenceException: stale element reference: stale element not found in the current frame
  (Session info: chrome=124.0.6367.63)
For documentation on this error, please visit: https://www.selenium.dev/documentation/webdriver/troubleshooting/errors#stale-element-reference-exception
Build info: version: '4.19.1', revision: 'abe0ee07dc'
System info: os.name: 'Windows 10', os.arch: 'amd64', os.version: '10.0', java.version: '17.0.10'
Driver info: org.openqa.selenium.chrome.ChromeDriver
Command: [5a3ad4d6866805a6dbb986c8e08cfaba, sendKeysToElement {id=f.0DFF72468CD5E752374970C602461CCC.d.1B2D4DB29849C2D55A24AAEE3FB129DC.e.343, value=[Ljava.lang.CharSequence;@9accff0}]
Capabilities {acceptInsecureCerts: false, browserName: chrome, browserVersion: 124.0.6367.63, chrome: {chromedriverVersion: 124.0.6367.207 (a9001a6e39f..., userDataDir: C:\Users\GOKULN~1\AppData\L...}, fedcm:accounts: true, goog:chromeOptions: {debuggerAddress: localhost:60034}, networkConnectionEnabled: false, pageLoadStrategy: normal, platformName: windows, proxy: Proxy(), se:cdp: ws://localhost:60034/devtoo..., se:cdpVersion: 124.0.6367.63, setWindowRect: true, strictFileInteractability: false, timeouts: {implicit: 0, pageLoad: 300000, script: 30000}, unhandledPromptBehavior: dismiss and notify, webauthn:extension:credBlob: true, webauthn:extension:largeBlob: true, webauthn:extension:minPinLength: true, webauthn:extension:prf: true, webauthn:virtualAuthenticators: true}
Element: [[ChromeDriver: chrome on windows (5a3ad4d6866805a6dbb986c8e08cfaba)] -> id: ContentPlaceHolder1_txtContactPersonFirstName]
Session ID: 5a3ad4d6866805a6dbb986c8e08cfaba
at org.openqa.selenium.remote.ErrorCodec.decode(ErrorCodec.java:167)
at org.openqa.selenium.remote.codec.w3c.W3CHttpResponseCodec.decode(W3CHttpResponseCodec.java:138)
at org.openqa.selenium.remote.codec.w3c.W3CHttpResponseCodec.decode(W3CHttpResponseCodec.java:50)
at org.openqa.selenium.remote.HttpCommandExecutor.execute(HttpCommandExecutor.java:190)
at org.openqa.selenium.remote.service.DriverCommandExecutor.invokeExecute(DriverCommandExecutor.java:216)
at org.openqa.selenium.remote.service.DriverCommandExecutor.execute(DriverCommandExecutor.java:174)
at org.openqa.selenium.remote.RemoteWebDriver.execute(RemoteWebDriver.java:518)
at org.openqa.selenium.remote.RemoteWebElement.execute(RemoteWebElement.java:223)
at org.openqa.selenium.remote.RemoteWebElement.sendKeys(RemoteWebElement.java:110)
at org.openqa.selenium.support.pagefactory.internal.LocatingElementHandler.invoke(LocatingElementHandler.java:51)
at jdk.proxy2/jdk.proxy2.$Proxy31.sendKeys(Unknown Source)
at com.absli.pages.MasterPolicyMakerPage.masterPolicyWithMandatoryFieldsAndCustomerDefinedSA(MasterPolicyMakerPage.java:261)
at com.absli.testCases.MasterPolicyMakerFunctionalityTest.createAMasterPolicyWithCustomerDefinedSA(MasterPolicyMakerFunctionalityTest.java:49)
at java.base/java.util.ArrayList.forEach(ArrayList.java:1511)
... Removed 36 stack frames]]>
    </failure>
  </testcase> <!-- createAMasterPolicyWithCustomerDefinedSA -->
  <testcase classname="com.absli.testCases.MasterPolicyMakerFunctionalityTest" name="createAMasterPolicyWithFlatSumAssured" time="47.782"/>
  <testcase classname="com.absli.testCases.MasterPolicyMakerFunctionalityTest" name="createAMasterPolicyWithMultipleOfSalary" time="44.858"/>
  <testcase classname="com.absli.testCases.MasterPolicyMakerFunctionalityTest" name="createAMasterPolicyWithGradedCover" time="56.219"/>
  <testcase classname="com.absli.testCases.MasterPolicyMakerFunctionalityTest" name="createAMasterPolicyWithFutureServiceGratuityAmount" time="44.568"/>
  <testcase classname="com.absli.testCases.MasterPolicyMakerFunctionalityTest" name="createAMasterPolicyWithRider" time="47.964"/>
</testsuite> <!-- Regerrision Test -->
